<?xml version="1.0" encoding="UTF-8"?>
<!-- Generated by org.testng.reporters.JUnitXMLReporter -->
<testsuite hostname="TGS153" ignored="2" name="CalcuQuote_Material_Costing_Module_TestCases(failed)" tests="2" failures="1" timestamp="24 Jan 2020 06:22:44 GMT" time="450.612" errors="0">
  <testcase name="Material_Costing_TestCase_02" time="229.662" classname="com.automation.index.CalcuQuote_Material_Costing_Index"/>
  <testcase name="Material_Costing_TestCase_04" time="164.719" classname="com.automation.index.CalcuQuote_Material_Costing_Index">
    <failure type="org.openqa.selenium.NoSuchSessionException" message="Session ID is null. Using WebDriver after calling quit()?
Build info: version: &amp;apos;3.13.0&amp;apos;, revision: &amp;apos;2f0d292&amp;apos;, time: &amp;apos;2018-06-25T15:24:21.231Z&amp;apos;
System info: host: &amp;apos;TGS153&amp;apos;, ip: &amp;apos;192.168.0.153&amp;apos;, os.name: &amp;apos;Windows 10&amp;apos;, os.arch: &amp;apos;amd64&amp;apos;, os.version: &amp;apos;10.0&amp;apos;, java.version: &amp;apos;1.8.0_221&amp;apos;
Driver info: driver.version: RemoteWebDriver">
      <![CDATA[org.openqa.selenium.NoSuchSessionException: Session ID is null. Using WebDriver after calling quit()?
Build info: version: '3.13.0', revision: '2f0d292', time: '2018-06-25T15:24:21.231Z'
System info: host: 'TGS153', ip: '192.168.0.153', os.name: 'Windows 10', os.arch: 'amd64', os.version: '10.0', java.version: '1.8.0_221'
Driver info: driver.version: RemoteWebDriver
at org.openqa.selenium.remote.HttpCommandExecutor.execute(HttpCommandExecutor.java:125)
at org.openqa.selenium.remote.service.DriverCommandExecutor.execute(DriverCommandExecutor.java:83)
at org.openqa.selenium.remote.RemoteWebDriver.execute(RemoteWebDriver.java:548)
at org.openqa.selenium.remote.RemoteWebDriver.perform(RemoteWebDriver.java:614)
at org.openqa.selenium.interactions.Actions$BuiltAction.perform(Actions.java:638)
at com.automation.indexpage.CalcuQuote_Material_Costing_Indexpage.right_click_pricing_data_unavailable(CalcuQuote_Material_Costing_Indexpage.java:250)
at com.automation.index.CalcuQuote_Material_Costing_Index.Material_Costing_TestCase_04(CalcuQuote_Material_Costing_Index.java:510)
at java.util.concurrent.FutureTask.run(Unknown Source)
at java.util.concurrent.ThreadPoolExecutor.runWorker(Unknown Source)
at java.util.concurrent.ThreadPoolExecutor$Worker.run(Unknown Source)
at java.lang.Thread.run(Unknown Source)
... Removed 16 stack frames]]>
    </failure>
  </testcase> <!-- Material_Costing_TestCase_04 -->
  <testcase name="Material_Costing_TestCase_03" time="0.0" classname="com.automation.index.CalcuQuote_Material_Costing_Index">
    <ignored/>
  </testcase> <!-- Material_Costing_TestCase_03 -->
  <testcase name="Material_Costing_TestCase_01" time="0.0" classname="com.automation.index.CalcuQuote_Material_Costing_Index">
    <ignored/>
  </testcase> <!-- Material_Costing_TestCase_01 -->
</testsuite> <!-- CalcuQuote_Material_Costing_Module_TestCases(failed) -->
