<!DOCTYPE html PUBLIC "-//W3C//DTD XHTML 1.1//EN" "http://www.w3.org/TR/xhtml11/DTD/xhtml11.dtd">
<html xmlns="http://www.w3.org/1999/xhtml">
<head>
<meta http-equiv="content-type" content="text/html; charset=UTF-8"/>
<title>TestNG Report</title>
<style type="text/css">table {margin-bottom:10px;border-collapse:collapse;empty-cells:show}th,td {border:1px solid #009;padding:.25em .5em}th {vertical-align:bottom}td {vertical-align:top}table a {font-weight:bold}.stripe td {background-color: #E6EBF9}.num {text-align:right}.passedodd td {background-color: #3F3}.passedeven td {background-color: #0A0}.skippedodd td {background-color: #DDD}.skippedeven td {background-color: #CCC}.failedodd td,.attn {background-color: #F33}.failedeven td,.stripe .attn {background-color: #D00}.stacktrace {white-space:pre;font-family:monospace}.totop {font-size:85%;text-align:center;border-bottom:2px solid #000}.invisible {display:none}</style>
</head>
<body>
<table>
<tr><th>Test</th><th># Passed</th><th># Skipped</th><th># Failed</th><th>Time (ms)</th><th>Included Groups</th><th>Excluded Groups</th></tr>
<tr><th colspan="7">CalcuQuote_Functional_TestCases_Suite</th></tr>
<tr><td><a href="#t0">CalcuQuote_Material_Costing_Module_TestCases</a></td><td class="num">0</td><td class="num">0</td><td class="num attn">1</td><td class="num">188,776</td><td></td><td></td></tr>
</table>
<table id='summary'><thead><tr><th>Class</th><th>Method</th><th>Start</th><th>Time (ms)</th></tr></thead><tbody><tr><th colspan="4">CalcuQuote_Functional_TestCases_Suite</th></tr></tbody><tbody id="t0"><tr><th colspan="4">CalcuQuote_Material_Costing_Module_TestCases &#8212; failed</th></tr><tr class="failedeven"><td rowspan="1">com.automation.index.CalcuQuote_Material_Costing_Index</td><td><a href="#m0">Material_Costing_TestCase_03</a></td><td rowspan="1">1576316371532</td><td rowspan="1">165720</td></tr></tbody>
</table>
<h2>CalcuQuote_Material_Costing_Module_TestCases</h2><h3 id="m0">com.automation.index.CalcuQuote_Material_Costing_Index#Material_Costing_TestCase_03</h3><table class="result"><tr><th>Messages</th></tr><tr><td><div class="messages"><strong> <h3 style="color:DarkGreen">  &#10004; <i>  SUCCESSFUL </i></h3> </strong> <br/><br><b>Please look to the screenshot - </b><br/></br>&nbsp;&nbsp;&nbsp;&nbsp;<br><Strong><font color=#FF0000>--Failed</font></strong></br><br/></br>&nbsp;&nbsp;&nbsp;&nbsp;<a href='screenshots/1214151217802Material_Costing_TestCase_03.png' target='_new'>1214151217802Material_Costing_TestCase_03.png</a></br><br/><br></br><h3>Failure Reason:</h3><br/><br></br>org.openqa.selenium.TimeoutException: Expected condition failed: waiting for element to be clickable: [[ChromeDriver: chrome on XP (b5cb15a42d9577e731719e25b953e3d4)] -&gt; xpath: //button[@id=&apos;btnSubmit&apos;]] (tried for 5 second(s) with 500 milliseconds interval)</div></td></tr><tr><th>Exception</th></tr><tr><td><div class="stacktrace">org.openqa.selenium.TimeoutException: Expected condition failed: waiting for element to be clickable: [[ChromeDriver: chrome on XP (b5cb15a42d9577e731719e25b953e3d4)] -&gt; xpath: //button[@id=&apos;btnSubmit&apos;]] (tried for 5 second(s) with 500 milliseconds interval)
Build info: version: &apos;3.13.0&apos;, revision: &apos;2f0d292&apos;, time: &apos;2018-06-25T15:24:21.231Z&apos;
System info: host: &apos;TGS153&apos;, ip: &apos;192.168.0.153&apos;, os.name: &apos;Windows 10&apos;, os.arch: &apos;amd64&apos;, os.version: &apos;10.0&apos;, java.version: &apos;1.8.0_221&apos;
Driver info: org.openqa.selenium.chrome.ChromeDriver
Capabilities {acceptInsecureCerts: false, acceptSslCerts: false, applicationCacheEnabled: false, browserConnectionEnabled: false, browserName: chrome, chrome: {chromedriverVersion: 2.41.578737 (49da6702b16031..., userDataDir: C:\Users\admin\AppData\Loca...}, cssSelectorsEnabled: true, databaseEnabled: false, goog:chromeOptions: {debuggerAddress: localhost:2832}, handlesAlerts: true, hasTouchScreen: false, javascriptEnabled: true, locationContextEnabled: true, mobileEmulationEnabled: false, nativeEvents: true, networkConnectionEnabled: false, pageLoadStrategy: normal, platform: XP, platformName: XP, rotatable: false, setWindowRect: true, takesHeapSnapshot: true, takesScreenshot: true, unexpectedAlertBehaviour: , unhandledPromptBehavior: , version: 79.0.3945.79, webStorageEnabled: true}
Session ID: b5cb15a42d9577e731719e25b953e3d4
	at org.openqa.selenium.support.ui.WebDriverWait.timeoutException(WebDriverWait.java:81)
	at org.openqa.selenium.support.ui.FluentWait.until(FluentWait.java:271)
	at com.automation.utility.funcs.waitforelementclickable(funcs.java:38)
	at com.automation.utility.funcs.clickon_element(funcs.java:106)
	at com.automation.indexpage.CalcuQuote_BOM_Indexpage.SMT_clicksubmitBOM_manual(CalcuQuote_BOM_Indexpage.java:209)
	at com.automation.index.CalcuQuote_Material_Costing_Index.Material_Costing_TestCase_03(CalcuQuote_Material_Costing_Index.java:305)
	at java.util.concurrent.FutureTask.run(Unknown Source)
	at java.util.concurrent.ThreadPoolExecutor.runWorker(Unknown Source)
	at java.util.concurrent.ThreadPoolExecutor$Worker.run(Unknown Source)
	at java.lang.Thread.run(Unknown Source)
... Removed 16 stack frames</div></td></tr></table><p class="totop"><a href="#summary">back to summary</a></p>
</body>
</html>
