<!DOCTYPE html>

<html>
  <head>
  <meta charset='utf-8'>
  <title>TestNG reports</title>

    <link type="text/css" href="testng-reports.css" rel="stylesheet" />
    <script type="text/javascript" src="jquery-1.7.1.min.js"></script>
    <script type="text/javascript" src="testng-reports.js"></script>
    <script type="text/javascript" src="https://www.google.com/jsapi"></script>
    <script type='text/javascript'>
      google.load('visualization', '1', {packages:['table']});
      google.setOnLoadCallback(drawTable);
      var suiteTableInitFunctions = new Array();
      var suiteTableData = new Array();
    </script>
    <!--
      <script type="text/javascript" src="jquery-ui/js/jquery-ui-1.8.16.custom.min.js"></script>
     -->
  </head>

  <body>
    <div class="top-banner-root">
      <span class="top-banner-title-font">Test results</span>
      <br/>
      <span class="top-banner-font-1">1 suite, 1 failed test</span>
    </div> <!-- top-banner-root -->
    <div class="navigator-root">
      <div class="navigator-suite-header">
        <span>All suites</span>
        <a href="#" class="collapse-all-link" title="Collapse/expand all the suites">
          <img class="collapse-all-icon" src="collapseall.gif">
          </img> <!-- collapse-all-icon -->
        </a> <!-- collapse-all-link -->
      </div> <!-- navigator-suite-header -->
      <div class="suite">
        <div class="rounded-window">
          <div class="suite-header light-rounded-window-top">
            <a href="#" class="navigator-link" panel-name="suite-CalcuQuote_Functional_TestCases_Suite">
              <span class="suite-name border-failed">CalcuQuote_Functional_TestCases_Suite</span>
            </a> <!-- navigator-link -->
          </div> <!-- suite-header light-rounded-window-top -->
          <div class="navigator-suite-content">
            <div class="suite-section-title">
              <span>Info</span>
            </div> <!-- suite-section-title -->
            <div class="suite-section-content">
              <ul>
                <li>
                  <a href="#" class="navigator-link " panel-name="test-xml-CalcuQuote_Functional_TestCases_Suite">
                    <span>C:\Users\admin\eclipse-workspace\CalcuQuote\Build\CalcuQuote_Package_Index.xml</span>
                  </a> <!-- navigator-link  -->
                </li>
                <li>
                  <a href="#" class="navigator-link " panel-name="testlist-CalcuQuote_Functional_TestCases_Suite">
                    <span class="test-stats">1 test</span>
                  </a> <!-- navigator-link  -->
                </li>
                <li>
                  <a href="#" class="navigator-link " panel-name="group-CalcuQuote_Functional_TestCases_Suite">
                    <span>0 groups</span>
                  </a> <!-- navigator-link  -->
                </li>
                <li>
                  <a href="#" class="navigator-link " panel-name="times-CalcuQuote_Functional_TestCases_Suite">
                    <span>Times</span>
                  </a> <!-- navigator-link  -->
                </li>
                <li>
                  <a href="#" class="navigator-link " panel-name="reporter-CalcuQuote_Functional_TestCases_Suite">
                    <span>Reporter output</span>
                  </a> <!-- navigator-link  -->
                </li>
                <li>
                  <a href="#" class="navigator-link " panel-name="ignored-methods-CalcuQuote_Functional_TestCases_Suite">
                    <span>Ignored methods</span>
                  </a> <!-- navigator-link  -->
                </li>
                <li>
                  <a href="#" class="navigator-link " panel-name="chronological-CalcuQuote_Functional_TestCases_Suite">
                    <span>Chronological view</span>
                  </a> <!-- navigator-link  -->
                </li>
              </ul>
            </div> <!-- suite-section-content -->
            <div class="result-section">
              <div class="suite-section-title">
                <span>Results</span>
              </div> <!-- suite-section-title -->
              <div class="suite-section-content">
                <ul>
                  <li>
                    <span class="method-stats">1 method, 1 failed,   </span>
                  </li>
                  <li>
                    <span class="method-list-title failed">Failed methods</span>
                    <span class="show-or-hide-methods failed">
                      <a href="#" panel-name="suite-CalcuQuote_Functional_TestCases_Suite" class="hide-methods failed suite-CalcuQuote_Functional_TestCases_Suite"> (hide)</a> <!-- hide-methods failed suite-CalcuQuote_Functional_TestCases_Suite -->
                      <a href="#" panel-name="suite-CalcuQuote_Functional_TestCases_Suite" class="show-methods failed suite-CalcuQuote_Functional_TestCases_Suite"> (show)</a> <!-- show-methods failed suite-CalcuQuote_Functional_TestCases_Suite -->
                    </span>
                    <div class="method-list-content failed suite-CalcuQuote_Functional_TestCases_Suite">
                      <span>
                        <img width="3%" src="failed.png"/>
                        <a href="#" class="method navigator-link" panel-name="suite-CalcuQuote_Functional_TestCases_Suite" title="com.automation.index.CalcuQuote_Material_Costing_Index" hash-for-method="Material_Costing_TestCase_03">Material_Costing_TestCase_03</a> <!-- method navigator-link -->
                      </span>
                      <br/>
                    </div> <!-- method-list-content failed suite-CalcuQuote_Functional_TestCases_Suite -->
                  </li>
                </ul>
              </div> <!-- suite-section-content -->
            </div> <!-- result-section -->
          </div> <!-- navigator-suite-content -->
        </div> <!-- rounded-window -->
      </div> <!-- suite -->
    </div> <!-- navigator-root -->
    <div class="wrapper">
      <div class="main-panel-root">
        <div panel-name="suite-CalcuQuote_Functional_TestCases_Suite" class="panel CalcuQuote_Functional_TestCases_Suite">
          <div class="suite-CalcuQuote_Functional_TestCases_Suite-class-failed">
            <div class="main-panel-header rounded-window-top">
              <img src="failed.png"/>
              <span class="class-name">com.automation.index.CalcuQuote_Material_Costing_Index</span>
            </div> <!-- main-panel-header rounded-window-top -->
            <div class="main-panel-content rounded-window-bottom">
              <div class="method">
                <div class="method-content">
                  <a name="Material_Costing_TestCase_03">
                  </a> <!-- Material_Costing_TestCase_03 -->
                  <span class="method-name">Material_Costing_TestCase_03</span>
                  <div class="stack-trace">org.openqa.selenium.TimeoutException: Expected condition failed: waiting for element to be clickable: [[ChromeDriver: chrome on XP (b5cb15a42d9577e731719e25b953e3d4)] -&gt; xpath: //button[@id=&apos;btnSubmit&apos;]] (tried for 5 second(s) with 500 milliseconds interval)
Build info: version: &apos;3.13.0&apos;, revision: &apos;2f0d292&apos;, time: &apos;2018-06-25T15:24:21.231Z&apos;
System info: host: &apos;TGS153&apos;, ip: &apos;192.168.0.153&apos;, os.name: &apos;Windows 10&apos;, os.arch: &apos;amd64&apos;, os.version: &apos;10.0&apos;, java.version: &apos;1.8.0_221&apos;
Driver info: org.openqa.selenium.chrome.ChromeDriver
Capabilities {acceptInsecureCerts: false, acceptSslCerts: false, applicationCacheEnabled: false, browserConnectionEnabled: false, browserName: chrome, chrome: {chromedriverVersion: 2.41.578737 (49da6702b16031..., userDataDir: C:\Users\admin\AppData\Loca...}, cssSelectorsEnabled: true, databaseEnabled: false, goog:chromeOptions: {debuggerAddress: localhost:2832}, handlesAlerts: true, hasTouchScreen: false, javascriptEnabled: true, locationContextEnabled: true, mobileEmulationEnabled: false, nativeEvents: true, networkConnectionEnabled: false, pageLoadStrategy: normal, platform: XP, platformName: XP, rotatable: false, setWindowRect: true, takesHeapSnapshot: true, takesScreenshot: true, unexpectedAlertBehaviour: , unhandledPromptBehavior: , version: 79.0.3945.79, webStorageEnabled: true}
Session ID: b5cb15a42d9577e731719e25b953e3d4
	at org.openqa.selenium.support.ui.WebDriverWait.timeoutException(WebDriverWait.java:81)
	at org.openqa.selenium.support.ui.FluentWait.until(FluentWait.java:271)
	at com.automation.utility.funcs.waitforelementclickable(funcs.java:38)
	at com.automation.utility.funcs.clickon_element(funcs.java:106)
	at com.automation.indexpage.CalcuQuote_BOM_Indexpage.SMT_clicksubmitBOM_manual(CalcuQuote_BOM_Indexpage.java:209)
	at com.automation.index.CalcuQuote_Material_Costing_Index.Material_Costing_TestCase_03(CalcuQuote_Material_Costing_Index.java:305)
	at java.util.concurrent.FutureTask.run(Unknown Source)
	at java.util.concurrent.ThreadPoolExecutor.runWorker(Unknown Source)
	at java.util.concurrent.ThreadPoolExecutor$Worker.run(Unknown Source)
	at java.lang.Thread.run(Unknown Source)
... Removed 16 stack frames
</div> <!-- stack-trace -->
                </div> <!-- method-content -->
              </div> <!-- method -->
            </div> <!-- main-panel-content rounded-window-bottom -->
          </div> <!-- suite-CalcuQuote_Functional_TestCases_Suite-class-failed -->
        </div> <!-- panel CalcuQuote_Functional_TestCases_Suite -->
        <div panel-name="test-xml-CalcuQuote_Functional_TestCases_Suite" class="panel">
          <div class="main-panel-header rounded-window-top">
            <span class="header-content">C:\Users\admin\eclipse-workspace\CalcuQuote\Build\CalcuQuote_Package_Index.xml</span>
          </div> <!-- main-panel-header rounded-window-top -->
          <div class="main-panel-content rounded-window-bottom">
            <pre>
&lt;?xml version=&quot;1.0&quot; encoding=&quot;UTF-8&quot;?&gt;
&lt;!DOCTYPE suite SYSTEM &quot;http://testng.org/testng-1.0.dtd&quot;&gt;
&lt;suite thread-count=&quot;1&quot; verbose=&quot;0&quot; name=&quot;CalcuQuote_Functional_TestCases_Suite&quot; parallel=&quot;tests&quot;&gt;
  &lt;parameter name=&quot;selenium.port&quot; value=&quot;4444&quot;/&gt;
  &lt;parameter name=&quot;selenium.host&quot; value=&quot;localhost&quot;/&gt;
  &lt;parameter name=&quot;selenium.browser&quot; value=&quot;chrome&quot;/&gt;
  &lt;parameter name=&quot;selenium.url&quot; value=&quot;https://qa.calcuquote.com/Staging2/&quot;/&gt;
  &lt;listeners&gt;
    &lt;listener class-name=&quot;com.automation.utility.CalcuQuote_CustomReporterTestFailureDetails&quot;/&gt;
    &lt;listener class-name=&quot;com.automation.utility.CalcuQuote_TestListener&quot;/&gt;
  &lt;/listeners&gt;
  &lt;test thread-count=&quot;1&quot; verbose=&quot;0&quot; name=&quot;CalcuQuote_Material_Costing_Module_TestCases&quot; parallel=&quot;tests&quot;&gt;
    &lt;classes&gt;
      &lt;class name=&quot;com.automation.index.CalcuQuote_Material_Costing_Index&quot;&gt;
        &lt;methods&gt;
          &lt;include name=&quot;Material_Costing_TestCase_03&quot;/&gt;
        &lt;/methods&gt;
      &lt;/class&gt; &lt;!-- com.automation.index.CalcuQuote_Material_Costing_Index --&gt;
    &lt;/classes&gt;
  &lt;/test&gt; &lt;!-- CalcuQuote_Material_Costing_Module_TestCases --&gt;
&lt;/suite&gt; &lt;!-- CalcuQuote_Functional_TestCases_Suite --&gt;
            </pre>
          </div> <!-- main-panel-content rounded-window-bottom -->
        </div> <!-- panel -->
        <div panel-name="testlist-CalcuQuote_Functional_TestCases_Suite" class="panel">
          <div class="main-panel-header rounded-window-top">
            <span class="header-content">Tests for CalcuQuote_Functional_TestCases_Suite</span>
          </div> <!-- main-panel-header rounded-window-top -->
          <div class="main-panel-content rounded-window-bottom">
            <ul>
              <li>
                <span class="test-name">CalcuQuote_Material_Costing_Module_TestCases (1 class)</span>
              </li>
            </ul>
          </div> <!-- main-panel-content rounded-window-bottom -->
        </div> <!-- panel -->
        <div panel-name="group-CalcuQuote_Functional_TestCases_Suite" class="panel">
          <div class="main-panel-header rounded-window-top">
            <span class="header-content">Groups for CalcuQuote_Functional_TestCases_Suite</span>
          </div> <!-- main-panel-header rounded-window-top -->
          <div class="main-panel-content rounded-window-bottom">
          </div> <!-- main-panel-content rounded-window-bottom -->
        </div> <!-- panel -->
        <div panel-name="times-CalcuQuote_Functional_TestCases_Suite" class="panel">
          <div class="main-panel-header rounded-window-top">
            <span class="header-content">Times for CalcuQuote_Functional_TestCases_Suite</span>
          </div> <!-- main-panel-header rounded-window-top -->
          <div class="main-panel-content rounded-window-bottom">
            <div class="times-div">
              <script type="text/javascript">
suiteTableInitFunctions.push('tableData_CalcuQuote_Functional_TestCases_Suite');
function tableData_CalcuQuote_Functional_TestCases_Suite() {
var data = new google.visualization.DataTable();
data.addColumn('number', 'Number');
data.addColumn('string', 'Method');
data.addColumn('string', 'Class');
data.addColumn('number', 'Time (ms)');
data.addRows(1);
data.setCell(0, 0, 0)
data.setCell(0, 1, 'Material_Costing_TestCase_03')
data.setCell(0, 2, 'com.automation.index.CalcuQuote_Material_Costing_Index')
data.setCell(0, 3, 165720);
window.suiteTableData['CalcuQuote_Functional_TestCases_Suite']= { tableData: data, tableDiv: 'times-div-CalcuQuote_Functional_TestCases_Suite'}
return data;
}
              </script>
              <span class="suite-total-time">Total running time: 2 minutes</span>
              <div id="times-div-CalcuQuote_Functional_TestCases_Suite">
              </div> <!-- times-div-CalcuQuote_Functional_TestCases_Suite -->
            </div> <!-- times-div -->
          </div> <!-- main-panel-content rounded-window-bottom -->
        </div> <!-- panel -->
        <div panel-name="reporter-CalcuQuote_Functional_TestCases_Suite" class="panel">
          <div class="main-panel-header rounded-window-top">
            <span class="header-content">Reporter output for CalcuQuote_Functional_TestCases_Suite</span>
          </div> <!-- main-panel-header rounded-window-top -->
          <div class="main-panel-content rounded-window-bottom">
            <div class="reporter-method-div">
              <span class="reporter-method-name">Material_Costing_TestCase_03</span>
              <div class="reporter-method-output-div">
                <span class="reporter-method-output"><strong> <h3 style="color:DarkGreen">  &#10004; <i>  SUCCESSFUL </i></h3> </strong> </span>
                <span class="reporter-method-output"><br><b>Please look to the screenshot - </b></span>
                <span class="reporter-method-output"></br>&nbsp;&nbsp;&nbsp;&nbsp;<br><Strong><font color=#FF0000>--Failed</font></strong></br></span>
                <span class="reporter-method-output"></br>&nbsp;&nbsp;&nbsp;&nbsp;<a href='screenshots/1214151217802Material_Costing_TestCase_03.png' target='_new'>1214151217802Material_Costing_TestCase_03.png</a></br></span>
                <span class="reporter-method-output"><br></br><h3>Failure Reason:</h3></span>
                <span class="reporter-method-output"><br></br>org.openqa.selenium.TimeoutException: Expected condition failed: waiting for element to be clickable: [[ChromeDriver: chrome on XP (b5cb15a42d9577e731719e25b953e3d4)] -&gt; xpath: //button[@id=&apos;btnSubmit&apos;]] (tried for 5 second(s) with 500 milliseconds interval)</span>
              </div> <!-- reporter-method-output-div -->
            </div> <!-- reporter-method-div -->
          </div> <!-- main-panel-content rounded-window-bottom -->
        </div> <!-- panel -->
        <div panel-name="ignored-methods-CalcuQuote_Functional_TestCases_Suite" class="panel">
          <div class="main-panel-header rounded-window-top">
            <span class="header-content">2 ignored methods</span>
          </div> <!-- main-panel-header rounded-window-top -->
          <div class="main-panel-content rounded-window-bottom">
            <div class="ignored-class-div">
              <span class="ignored-class-name">com.automation.index.CalcuQuote_Material_Costing_Index</span>
              <div class="ignored-methods-div">
                <span class="ignored-method-name">Material_Costing_TestCase_02</span>
                <br/>
                <span class="ignored-method-name">Material_Costing_TestCase_01</span>
                <br/>
              </div> <!-- ignored-methods-div -->
            </div> <!-- ignored-class-div -->
          </div> <!-- main-panel-content rounded-window-bottom -->
        </div> <!-- panel -->
        <div panel-name="chronological-CalcuQuote_Functional_TestCases_Suite" class="panel">
          <div class="main-panel-header rounded-window-top">
            <span class="header-content">Methods in chronological order</span>
          </div> <!-- main-panel-header rounded-window-top -->
          <div class="main-panel-content rounded-window-bottom">
            <div class="chronological-class">
              <div class="chronological-class-name">com.automation.index.CalcuQuote_Material_Costing_Index</div> <!-- chronological-class-name -->
              <div class="configuration-suite before">
                <span class="method-name">fetchSuiteConfiguration(org.testng.TestRunner@6a370f4)</span>
                <span class="method-start">0 ms</span>
              </div> <!-- configuration-suite before -->
              <div class="configuration-test before">
                <span class="method-name">fetchSuiteConfiguration(org.testng.TestRunner@6a370f4)</span>
                <span class="method-start">650 ms</span>
              </div> <!-- configuration-test before -->
              <div class="configuration-method before">
                <span class="method-name">setUp(public void com.automation.index.CalcuQuote_Material_Costing_Index.Material_Costing_TestCase_03(), o...)</span>
                <span class="method-start">793 ms</span>
              </div> <!-- configuration-method before -->
              <div class="test-method">
                <img src="failed.png">
                </img>
                <span class="method-name">Material_Costing_TestCase_03</span>
                <span class="method-start">17789 ms</span>
              </div> <!-- test-method -->
              <div class="configuration-method after">
                <span class="method-name">tearDown([TestResult name=Material_Costing_TestCase_03 status=FAILURE method=CalcuQuote_Material_Costing_Inde...)</span>
                <span class="method-start">184009 ms</span>
              </div> <!-- configuration-method after -->
              <div class="configuration-suite after">
                <span class="method-name">zipfileupdate</span>
                <span class="method-start">189834 ms</span>
              </div> <!-- configuration-suite after -->
          </div> <!-- main-panel-content rounded-window-bottom -->
        </div> <!-- panel -->
      </div> <!-- main-panel-root -->
    </div> <!-- wrapper -->
  </body>
</html>
